build/app/intermediates/manifest_merge_blame_file/debug/manifest-merger-blame-debug-report.txt
1<?xml version="1.0" encoding="utf-8"?>
2<manifest xmlns:android="http://schemas.android.com/apk/res/android"
3    package="com.example.finamoonproject"
4    android:versionCode="1"
5    android:versionName="1.0.0" >
6
7    <uses-sdk
8        android:minSdkVersion="16"
9        android:targetSdkVersion="28" />
10    <!--
11         Flutter needs it to communicate with the running application
12         to allow setting breakpoints, to provide hot reload, etc.
13    -->
14    <uses-permission android:name="android.permission.INTERNET" />
14-->src/debug/AndroidManifest.xml:6:5-66
14-->src/debug/AndroidManifest.xml:6:22-64
15    <uses-permission android:name="android.permission.USE_FINGERPRINT" />
15-->src/main/AndroidManifest.xml:2:3-71
15-->src/main/AndroidManifest.xml:2:20-69
16    <uses-permission android:name="android.permission.USE_BIOMETRIC" />
16-->[androidx.biometric:biometric:1.0.0-beta01] AndroidManifest.xml:24:5-72
16-->[androidx.biometric:biometric:1.0.0-beta01] AndroidManifest.xml:24:22-69
17
18    <application
18-->src/main/AndroidManifest.xml:3:3-13:17
19        android:name="io.flutter.app.FlutterApplication"
19-->src/main/AndroidManifest.xml:3:16-64
20        android:appComponentFactory="androidx.core.app.CoreComponentFactory"
20-->[androidx.core:core:1.1.0] AndroidManifest.xml:24:18-86
21        android:debuggable="true"
22        android:icon="@mipmap/logo"
22-->src/main/AndroidManifest.xml:3:90-117
23        android:label="FinaMoon" >
23-->src/main/AndroidManifest.xml:3:65-89
24        <activity
24-->src/main/AndroidManifest.xml:4:5-11:16
25            android:name="com.example.finamoonproject.MainActivity"
25-->src/main/AndroidManifest.xml:4:15-43
26            android:configChanges="orientation|keyboardHidden|keyboard|screenSize|smallestScreenSize|locale|layoutDirection|fontScale|screenLayout|density|uiMode"
26-->src/main/AndroidManifest.xml:4:110-260
27            android:hardwareAccelerated="true"
27-->src/main/AndroidManifest.xml:4:261-295
28            android:launchMode="singleTop"
28-->src/main/AndroidManifest.xml:4:44-74
29            android:theme="@style/LaunchTheme"
29-->src/main/AndroidManifest.xml:4:75-109
30            android:windowSoftInputMode="adjustResize" >
30-->src/main/AndroidManifest.xml:4:296-338
31            <meta-data
31-->src/main/AndroidManifest.xml:5:7-114
32                android:name="io.flutter.embedding.android.NormalTheme"
32-->src/main/AndroidManifest.xml:5:18-73
33                android:resource="@style/NormalTheme" />
33-->src/main/AndroidManifest.xml:5:74-111
34            <meta-data
34-->src/main/AndroidManifest.xml:6:7-132
35                android:name="io.flutter.embedding.android.SplashScreenDrawable"
35-->src/main/AndroidManifest.xml:6:18-82
36                android:resource="@drawable/launch_background" />
36-->src/main/AndroidManifest.xml:6:83-129
37
38            <intent-filter>
38-->src/main/AndroidManifest.xml:7:7-10:23
39                <action android:name="android.intent.action.MAIN" />
39-->src/main/AndroidManifest.xml:8:9-61
39-->src/main/AndroidManifest.xml:8:17-58
40
41                <category android:name="android.intent.category.LAUNCHER" />
41-->src/main/AndroidManifest.xml:9:9-69
41-->src/main/AndroidManifest.xml:9:19-66
42            </intent-filter>
43        </activity>
44
45        <meta-data
45-->src/main/AndroidManifest.xml:12:5-68
46            android:name="flutterEmbedding"
46-->src/main/AndroidManifest.xml:12:16-47
47            android:value="2" />
47-->src/main/AndroidManifest.xml:12:48-65
48
49        <activity
49-->[androidx.biometric:biometric:1.0.0-beta01] AndroidManifest.xml:28:9-30:67
50            android:name="androidx.biometric.DeviceCredentialHandlerActivity"
50-->[androidx.biometric:biometric:1.0.0-beta01] AndroidManifest.xml:29:13-78
51            android:theme="@style/DeviceCredentialHandlerTheme" />
51-->[androidx.biometric:biometric:1.0.0-beta01] AndroidManifest.xml:30:13-64
52    </application>
53
54</manifest>